Start testing: May 13 19:25 UTC
----------------------------------------------------------
1/1 Testing: trimfastq.pl
1/1 Test: trimfastq.pl
Command: "/usr/bin/perl" "-cw" "/src/Analysis/trimfastq.pl"
Directory: /src/build/Analysis
"trimfastq.pl" start time: May 13 19:25 UTC
Output:
----------------------------------------------------------
/src/Analysis/trimfastq.pl syntax OK
<end of output>
Test time =   0.03 sec
----------------------------------------------------------
Test Passed.
"trimfastq.pl" end time: May 13 19:25 UTC
"trimfastq.pl" time elapsed: 00:00:00
----------------------------------------------------------

End testing: May 13 19:25 UTC
